<?xml version="1.0" encoding="UTF-8"?>
<robot generator="Robot 6.1.1 (Python 3.12.0 on win32)" generated="20231114 11:01:27.212" rpa="false" schemaversion="4">
<suite id="s1" name="AUTOMACAO" source="C:\Users\eleni\Desktop\AUTOMACAO">
<suite id="s1-s1" name="Exemplo2" source="C:\Users\eleni\Desktop\AUTOMACAO\exemplo2.robot">
<test id="s1-s1-t1" name="Preencher Formulário e Verificar Mensagem de Sucesso" line="11">
<kw name="Abrir o navegador">
<kw name="Open Browser" library="SeleniumLibrary">
<arg>${URL}</arg>
<arg>${BROWSER}</arg>
<doc>Opens a new browser instance to the optional ``url``.</doc>
<msg timestamp="20231114 11:01:27.481" level="INFO">Opening browser 'chrome' to base url 'https://www.example.com'.</msg>
<status status="PASS" starttime="20231114 11:01:27.480" endtime="20231114 11:02:14.613"/>
</kw>
<status status="PASS" starttime="20231114 11:01:27.480" endtime="20231114 11:02:14.613"/>
</kw>
<kw name="Acessar a página">
<kw name="Go To" library="SeleniumLibrary">
<arg>${URL}</arg>
<doc>Navigates the current browser window to the provided ``url``.</doc>
<msg timestamp="20231114 11:02:14.614" level="INFO">Opening url 'https://www.example.com'</msg>
<status status="PASS" starttime="20231114 11:02:14.614" endtime="20231114 11:02:14.636"/>
</kw>
<status status="PASS" starttime="20231114 11:02:14.613" endtime="20231114 11:02:14.636"/>
</kw>
<kw name="Preencher campos do formulário">
<kw name="Input Text" library="SeleniumLibrary">
<arg>id=name</arg>
<arg>${NAME}</arg>
<doc>Types the given ``text`` into the text field identified by ``locator``.</doc>
<msg timestamp="20231114 11:02:14.639" level="INFO">Typing text 'John Doe' into text field 'id=name'.</msg>
<msg timestamp="20231114 11:02:14.876" level="INFO" html="true">&lt;/td&gt;&lt;/tr&gt;&lt;tr&gt;&lt;td colspan="3"&gt;&lt;a href="selenium-screenshot-1.png"&gt;&lt;img src="selenium-screenshot-1.png" width="800px"&gt;&lt;/a&gt;</msg>
<msg timestamp="20231114 11:02:14.877" level="FAIL">Element with locator 'id=name' not found.</msg>
<status status="FAIL" starttime="20231114 11:02:14.637" endtime="20231114 11:02:14.885"/>
</kw>
<kw name="Input Text" library="SeleniumLibrary">
<arg>id=email</arg>
<arg>${EMAIL}</arg>
<doc>Types the given ``text`` into the text field identified by ``locator``.</doc>
<status status="NOT RUN" starttime="20231114 11:02:14.885" endtime="20231114 11:02:14.886"/>
</kw>
<status status="FAIL" starttime="20231114 11:02:14.637" endtime="20231114 11:02:14.886"/>
</kw>
<kw name="Clicar em Enviar">
<status status="NOT RUN" starttime="20231114 11:02:14.887" endtime="20231114 11:02:14.887"/>
</kw>
<kw name="Verificar mensagem de sucesso">
<status status="NOT RUN" starttime="20231114 11:02:14.887" endtime="20231114 11:02:14.888"/>
</kw>
<kw name="Fechar o navegador">
<status status="NOT RUN" starttime="20231114 11:02:14.888" endtime="20231114 11:02:14.888"/>
</kw>
<status status="FAIL" starttime="20231114 11:01:27.479" endtime="20231114 11:02:14.888">Element with locator 'id=name' not found.</status>
</test>
<status status="FAIL" starttime="20231114 11:01:27.264" endtime="20231114 11:02:14.892"/>
</suite>
<status status="FAIL" starttime="20231114 11:01:27.217" endtime="20231114 11:02:14.894"/>
</suite>
<statistics>
<total>
<stat pass="0" fail="1" skip="0">All Tests</stat>
</total>
<tag>
</tag>
<suite>
<stat pass="0" fail="1" skip="0" id="s1" name="AUTOMACAO">AUTOMACAO</stat>
<stat pass="0" fail="1" skip="0" id="s1-s1" name="Exemplo2">AUTOMACAO.Exemplo2</stat>
</suite>
</statistics>
<errors>
</errors>
</robot>
